<?xml version="1.0" encoding="UTF-8"?>
<!-- Generated by org.testng.reporters.JUnitReportReporter -->
<testsuite hostname="WINDOWS-1FABTMQ" failures="0" tests="1" name="com.mystore.testcases.TC_MyAccountPageTest" time="9.959" errors="0" timestamp="2024-11-12T15:16:58 IST" skipped="0">
  <testcase classname="com.mystore.testcases.TC_MyAccountPageTest" name="verifyRegistrationandLogin" time="9.959"/>
</testsuite> <!-- com.mystore.testcases.TC_MyAccountPageTest -->
